


ARM Macro Assembler    Page 1 


    1 00000000                 export           timer_callback
    2 00000000                 area             mesdonnees, data
    3 00000000         
    4 00000000 00000005 
                       tot     dcd              5
    5 00000004         
    6 00000004                 area             moncode, code
    7 00000000         
    8 00000000 40010C10 
                       GPIOB_BSRR
                               equ              0x40010C10  ; Bit Set/Reset reg
                                                            ister
    9 00000000         ; mise a 1 de PB1
   10 00000000 4B04            ldr              r3, =GPIOB_BSRR
   11 00000002 F04F 0102       mov              r1, #0x00000002
   12 00000006 6019            str              r1, [r3]
   13 00000008         ; mise a zero de PB1
   14 00000008 4B02            ldr              r3, =GPIOB_BSRR
   15 0000000A F44F 3100       mov              r1, #0x00020000
   16 0000000E 6019            str              r1, [r3]
   17 00000010         ; N.B. le registre BSRR est write-only, on ne peut pas l
                       e relire
   18 00000010         
   19 00000010         
   20 00000010         timer_callback
                               proc
   21 00000010         
   22 00000010         
   23 00000010 4770            bx               lr
   24 00000012                 endp
   25 00000012         
   26 00000012                 end
              00 00 40010C10 
Command Line: --debug --xref --diag_suppress=9931 --cpu=Cortex-M3 --apcs=interw
ork --depend=.\obj\gensignal.d -o.\obj\gensignal.o -I.\RTE\_reel -IC:\Keil_v5\A
RM\PACK\ARM\CMSIS\5.3.0\CMSIS\Include -IC:\Keil_v5\ARM\PACK\Keil\STM32F1xx_DFP\
2.2.0\Device\Include --predefine="__EVAL SETA 1" --predefine="__MICROLIB SETA 1
" --predefine="__UVISION_VERSION SETA 525" --predefine="_RTE_ SETA 1" --predefi
ne="STM32F10X_MD SETA 1" --list=gensignal.lst genSignal.asm



ARM Macro Assembler    Page 1 Alphabetic symbol ordering
Relocatable symbols

mesdonnees 00000000

Symbol: mesdonnees
   Definitions
      At line 2 in file genSignal.asm
   Uses
      None
Comment: mesdonnees unused
tot 00000000

Symbol: tot
   Definitions
      At line 4 in file genSignal.asm
   Uses
      None
Comment: tot unused
2 symbols



ARM Macro Assembler    Page 1 Alphabetic symbol ordering
Relocatable symbols

moncode 00000000

Symbol: moncode
   Definitions
      At line 6 in file genSignal.asm
   Uses
      None
Comment: moncode unused
timer_callback 00000010

Symbol: timer_callback
   Definitions
      At line 20 in file genSignal.asm
   Uses
      At line 1 in file genSignal.asm
Comment: timer_callback used once
2 symbols



ARM Macro Assembler    Page 1 Alphabetic symbol ordering
Absolute symbols

GPIOB_BSRR 40010C10

Symbol: GPIOB_BSRR
   Definitions
      At line 8 in file genSignal.asm
   Uses
      At line 10 in file genSignal.asm
      At line 14 in file genSignal.asm

1 symbol
342 symbols in table
