


ARM Macro Assembler    Page 1 


    1 00000000                 thumb
    2 00000000         
    3 00000000                 extern           TabSin
    4 00000000                 extern           TabCos
    5 00000000                 extern           TabSig
    6 00000000                 import           dft
    7 00000000         
    8 00000000                 area             moncode, code, readonly
    9 00000000                 export           cal
   10 00000000         ;
   11 00000000         cal     proc
   12 00000000 B530            push             {r4,r5,lr}  ;on a besoin de tab
                                                            sig et k
   13 00000002 4A07            ldr              r2, =TabCos
   14 00000004 4604            mov              r4,r0       ;on recupere l'adre
                                                            sse du signal
   15 00000006 F7FF FFFE       bl               dft         ;on appel la foncti
                                                            on dft pour la part
                                                            ie relle
   16 0000000A 4605            mov              r5,r0
   17 0000000C 4A05            ldr              r2, =TabSin
   18 0000000E 4620            mov              r0,r4       ;on reprend le tabl
                                                            eau
   19 00000010 F7FF FFFE       bl               dft         ;on appel dft la po
                                                            ur la partie imagin
                                                            aire
   20 00000014 FB80 2300       SMULL            r2, r3, r0, r0 ;on met au carré
                                                             les deux morceaux 
                                                            de la dft
   21 00000018 FBC5 2305       SMLAL            r2, r3, r5, r5
   22 0000001C 4618            mov              r0, r3      ;on conserve les 32
                                                             bits de poids fort
                                                            s du resultat dans 
                                                            r0
   23 0000001E         
   24 0000001E         
   25 0000001E BD30    fin     pop              {r4,r5,pc}
   26 00000020                 endp
   27 00000020         ;
   28 00000020                 end
              00000000 
              00000000 
Command Line: --debug --xref --diag_suppress=9931 --cpu=Cortex-M3 --apcs=interw
ork --depend=.\obj\calcul.d -o.\obj\calcul.o -I.\RTE\_Simu -IC:\Keil_v5\ARM\PAC
K\ARM\CMSIS\5.3.0\CMSIS\Include -IC:\Keil_v5\ARM\PACK\Keil\STM32F1xx_DFP\2.2.0\
Device\Include --predefine="__EVAL SETA 1" --predefine="__MICROLIB SETA 1" --pr
edefine="__UVISION_VERSION SETA 525" --predefine="_RTE_ SETA 1" --predefine="ST
M32F10X_MD SETA 1" --list=calcul.lst calcul.s



ARM Macro Assembler    Page 1 Alphabetic symbol ordering
Relocatable symbols

cal 00000000

Symbol: cal
   Definitions
      At line 11 in file calcul.s
   Uses
      At line 9 in file calcul.s
Comment: cal used once
fin 0000001E

Symbol: fin
   Definitions
      At line 25 in file calcul.s
   Uses
      None
Comment: fin unused
moncode 00000000

Symbol: moncode
   Definitions
      At line 8 in file calcul.s
   Uses
      None
Comment: moncode unused
3 symbols



ARM Macro Assembler    Page 1 Alphabetic symbol ordering
External symbols

TabCos 00000000

Symbol: TabCos
   Definitions
      At line 4 in file calcul.s
   Uses
      At line 13 in file calcul.s
Comment: TabCos used once
TabSig 00000000

Symbol: TabSig
   Definitions
      At line 5 in file calcul.s
   Uses
      None
Comment: TabSig unused
TabSin 00000000

Symbol: TabSin
   Definitions
      At line 3 in file calcul.s
   Uses
      At line 17 in file calcul.s
Comment: TabSin used once
dft 00000000

Symbol: dft
   Definitions
      At line 6 in file calcul.s
   Uses
      At line 15 in file calcul.s
      At line 19 in file calcul.s

4 symbols
344 symbols in table
