


ARM Macro Assembler    Page 1 


    1 00000000                 AREA             Signal, DATA, READONLY
    2 00000000                 export           TabSig
    3 00000000         ; cos, frequence relative 1  phase zero  amplitude max
    4 00000000         ; valeurs attendues pour k = 1 : Re 0x7FFFD135 env +2^31
                        /  Im 0xFFFFF800 env 0   / M2 0x3FFFD135 env 2^30
    5 00000000         ; pour k > 1 M2    < 0x0000000F
    6 00000000         
    7 00000000         TabSig
    8 00000000 FF 0F           dcw              0x0fff      ;  0   0000  0.0000
                                                            0
    9 00000002 F6 0F           dcw              0x0ff6      ;  1   4086  0.9975
                                                            6
   10 00000004 D9 0F           dcw              0x0fd9      ;  2   4057  0.9904
                                                            8
   11 00000006 A8 0F           dcw              0x0fa8      ;  3   4008  0.9785
                                                            2
   12 00000008 64 0F           dcw              0x0f64      ;  4   3940  0.9619
                                                            1
   13 0000000A 0E 0F           dcw              0x0f0e      ;  5   3854  0.9409
                                                            2
   14 0000000C A7 0E           dcw              0x0ea7      ;  6   3751  0.9157
                                                            7
   15 0000000E 2F 0E           dcw              0x0e2f      ;  7   3631  0.8864
                                                            7
   16 00000010 A8 0D           dcw              0x0da8      ;  8   3496  0.8535
                                                            2
   17 00000012 13 0D           dcw              0x0d13      ;  9   3347  0.8171
                                                            4
   18 00000014 72 0C           dcw              0x0c72      ; 10   3186  0.7778
                                                            3
   19 00000016 C5 0B           dcw              0x0bc5      ; 11   3013  0.7356
                                                            0
   20 00000018 10 0B           dcw              0x0b10      ; 12   2832  0.6914
                                                            1
   21 0000001A 53 0A           dcw              0x0a53      ; 13   2643  0.6452
                                                            6
   22 0000001C 90 09           dcw              0x0990      ; 14   2448  0.5976
                                                            6
   23 0000001E C9 08           dcw              0x08c9      ; 15   2249  0.5490
                                                            7
   24 00000020 00 08           dcw              0x0800      ; 16   2048  0.5000
                                                            0
   25 00000022 37 07           dcw              0x0737      ; 17   1847  0.4509
                                                            3
   26 00000024 70 06           dcw              0x0670      ; 18   1648  0.4023
                                                            4
   27 00000026 AD 05           dcw              0x05ad      ; 19   1453  0.3547
                                                            4
   28 00000028 F0 04           dcw              0x04f0      ; 20   1264  0.3085
                                                            9
   29 0000002A 3B 04           dcw              0x043b      ; 21   1083  0.2644
                                                            0
   30 0000002C 8E 03           dcw              0x038e      ; 22    910  0.2221
                                                            7
   31 0000002E ED 02           dcw              0x02ed      ; 23    749  0.1828
                                                            6
   32 00000030 58 02           dcw              0x0258      ; 24    600  0.1464
                                                            8
   33 00000032 D1 01           dcw              0x01d1      ; 25    465  0.1135



ARM Macro Assembler    Page 2 


                                                            3
   34 00000034 59 01           dcw              0x0159      ; 26    345  0.0842
                                                            3
   35 00000036 F2 00           dcw              0x00f2      ; 27    242  0.0590
                                                            8
   36 00000038 9C 00           dcw              0x009c      ; 28    156  0.0380
                                                            9
   37 0000003A 58 00           dcw              0x0058      ; 29     88  0.0214
                                                            8
   38 0000003C 27 00           dcw              0x0027      ; 30     39  0.0095
                                                            2
   39 0000003E 0A 00           dcw              0x000a      ; 31     10  0.0024
                                                            4
   40 00000040 00 00           dcw              0x0000      ; 32      0  0.0000
                                                            0
   41 00000042 0A 00           dcw              0x000a      ; 33     10  0.0024
                                                            4
   42 00000044 27 00           dcw              0x0027      ; 34     39  0.0095
                                                            2
   43 00000046 58 00           dcw              0x0058      ; 35     88  0.0214
                                                            8
   44 00000048 9C 00           dcw              0x009c      ; 36    156  0.0380
                                                            9
   45 0000004A F2 00           dcw              0x00f2      ; 37    242  0.0590
                                                            8
   46 0000004C 59 01           dcw              0x0159      ; 38    345  0.0842
                                                            3
   47 0000004E D1 01           dcw              0x01d1      ; 39    465  0.1135
                                                            3
   48 00000050 58 02           dcw              0x0258      ; 40    600  0.1464
                                                            8
   49 00000052 ED 02           dcw              0x02ed      ; 41    749  0.1828
                                                            6
   50 00000054 8E 03           dcw              0x038e      ; 42    910  0.2221
                                                            7
   51 00000056 3B 04           dcw              0x043b      ; 43   1083  0.2644
                                                            0
   52 00000058 F0 04           dcw              0x04f0      ; 44   1264  0.3085
                                                            9
   53 0000005A AD 05           dcw              0x05ad      ; 45   1453  0.3547
                                                            4
   54 0000005C 70 06           dcw              0x0670      ; 46   1648  0.4023
                                                            4
   55 0000005E 37 07           dcw              0x0737      ; 47   1847  0.4509
                                                            3
   56 00000060 00 08           dcw              0x0800      ; 48   2048  0.5000
                                                            0
   57 00000062 C9 08           dcw              0x08c9      ; 49   2249  0.5490
                                                            7
   58 00000064 90 09           dcw              0x0990      ; 50   2448  0.5976
                                                            6
   59 00000066 53 0A           dcw              0x0a53      ; 51   2643  0.6452
                                                            6
   60 00000068 10 0B           dcw              0x0b10      ; 52   2832  0.6914
                                                            1
   61 0000006A C5 0B           dcw              0x0bc5      ; 53   3013  0.7356
                                                            0
   62 0000006C 72 0C           dcw              0x0c72      ; 54   3186  0.7778
                                                            3



ARM Macro Assembler    Page 3 


   63 0000006E 13 0D           dcw              0x0d13      ; 55   3347  0.8171
                                                            4
   64 00000070 A8 0D           dcw              0x0da8      ; 56   3496  0.8535
                                                            2
   65 00000072 2F 0E           dcw              0x0e2f      ; 57   3631  0.8864
                                                            7
   66 00000074 A7 0E           dcw              0x0ea7      ; 58   3751  0.9157
                                                            7
   67 00000076 0E 0F           dcw              0x0f0e      ; 59   3854  0.9409
                                                            2
   68 00000078 64 0F           dcw              0x0f64      ; 60   3940  0.9619
                                                            1
   69 0000007A A8 0F           dcw              0x0fa8      ; 61   4008  0.9785
                                                            2
   70 0000007C D9 0F           dcw              0x0fd9      ; 62   4057  0.9904
                                                            8
   71 0000007E F6 0F           dcw              0x0ff6      ; 63   4086  0.9975
                                                            6
   72 00000080                 end
Command Line: --debug --xref --diag_suppress=9931 --cpu=Cortex-M3 --apcs=interw
ork --depend=.\obj\signal.d -o.\obj\signal.o -I.\RTE\_Simu -IC:\Keil_v5\ARM\PAC
K\ARM\CMSIS\5.3.0\CMSIS\Include -IC:\Keil_v5\ARM\PACK\Keil\STM32F1xx_DFP\2.2.0\
Device\Include --predefine="__EVAL SETA 1" --predefine="__MICROLIB SETA 1" --pr
edefine="__UVISION_VERSION SETA 525" --predefine="_RTE_ SETA 1" --predefine="ST
M32F10X_MD SETA 1" --list=signal.lst signal.asm



ARM Macro Assembler    Page 1 Alphabetic symbol ordering
Relocatable symbols

Signal 00000000

Symbol: Signal
   Definitions
      At line 1 in file signal.asm
   Uses
      None
Comment: Signal unused
TabSig 00000000

Symbol: TabSig
   Definitions
      At line 7 in file signal.asm
   Uses
      At line 2 in file signal.asm
Comment: TabSig used once
2 symbols
337 symbols in table
